[22:18:40] [Server thread/INFO]: Starting minecraft server version 1.11.2
[22:18:40] [Server thread/INFO]: Loading properties
[22:18:40] [Server thread/INFO]: Default game type: SURVIVAL
[22:18:40] [Server thread/INFO]: Generating keypair
[22:18:40] [Server thread/INFO]: Starting Minecraft server on 192.168.0.5:25565
[22:18:40] [Server thread/INFO]: Using default channel type
[22:18:40] [Server thread/WARN]: **** SERVER IS RUNNING IN OFFLINE/INSECURE MODE!
[22:18:40] [Server thread/WARN]: The server will make no attempt to authenticate usernames. Beware.
[22:18:40] [Server thread/WARN]: While this makes the game possible to play without internet access, it also opens up the ability for hackers to connect with any username they choose.
[22:18:40] [Server thread/WARN]: To change this, set "online-mode" to "true" in the server.properties file.
[22:18:41] [Server thread/INFO]: Preparing level "world"
[22:18:41] [Server thread/INFO]: Preparing start region for level 0
[22:18:42] [Server thread/INFO]: Preparing spawn area: 0%
[22:18:44] [Server thread/INFO]: Preparing spawn area: 50%
[22:18:45] [Server thread/INFO]: Preparing spawn area: 73%
[22:18:46] [Server thread/INFO]: Preparing spawn area: 89%
[22:18:46] [Server thread/INFO]: Done (5,544s)! For help, type "help" or "?"
[22:18:46] [Server thread/INFO]: Unknown command. Try /help for a list of commands
[22:18:46] [Server thread/INFO]: Unknown command. Try /help for a list of commands
[22:19:45] [Server thread/INFO]: PequenoInfrator[/177.191.195.213:57588] logged in with entity id 231 at (-99.95735959551803, 11.0, 238.20760080330223)
[22:19:45] [Server thread/INFO]: PequenoInfrator joined the game
[22:21:41] [Server thread/INFO]: PequenoInfrator lost connection: TextComponent{text='Disconnected', siblings=[], style=Style{hasParent=false, color=null, bold=null, italic=null, underlined=null, obfuscated=null, clickEvent=null, hoverEvent=null, insertion=null}}
[22:21:41] [Server thread/INFO]: PequenoInfrator left the game
[22:21:49] [Server thread/INFO]: Stopping the server
[22:21:49] [Server thread/INFO]: Stopping server
[22:21:49] [Server thread/INFO]: Saving players
[22:21:49] [Server thread/INFO]: Saving worlds
[22:21:49] [Server thread/INFO]: Saving chunks for level 'world'/Overworld
[22:21:49] [Server thread/INFO]: Saving chunks for level 'world'/Nether
[22:21:49] [Server thread/INFO]: Saving chunks for level 'world'/The End
[22:23:55] [Server thread/INFO]: Starting minecraft server version 1.11.2
[22:23:55] [Server thread/INFO]: Loading properties
[22:23:55] [Server console handler/ERROR]: Exception handling console input
java.io.IOException: The handle is invalid
	at java.io.FileInputStream.readBytes(Native Method) ~[?:1.8.0_121]
	at java.io.FileInputStream.read(Unknown Source) ~[?:1.8.0_121]
	at java.io.BufferedInputStream.read1(Unknown Source) ~[?:1.8.0_121]
	at java.io.BufferedInputStream.read(Unknown Source) ~[?:1.8.0_121]
	at sun.nio.cs.StreamDecoder.readBytes(Unknown Source) ~[?:1.8.0_121]
	at sun.nio.cs.StreamDecoder.implRead(Unknown Source) ~[?:1.8.0_121]
	at sun.nio.cs.StreamDecoder.read(Unknown Source) ~[?:1.8.0_121]
	at java.io.InputStreamReader.read(Unknown Source) ~[?:1.8.0_121]
	at java.io.BufferedReader.fill(Unknown Source) ~[?:1.8.0_121]
	at java.io.BufferedReader.readLine(Unknown Source) ~[?:1.8.0_121]
	at java.io.BufferedReader.readLine(Unknown Source) ~[?:1.8.0_121]
	at lh$2.run(SourceFile:95) [Servi.jar:?]
[22:23:55] [Server thread/INFO]: Default game type: SURVIVAL
[22:23:55] [Server thread/INFO]: Generating keypair
[22:23:56] [Server thread/INFO]: Starting Minecraft server on 192.168.0.5:25565
[22:23:56] [Server thread/INFO]: Using default channel type
[22:23:56] [Server thread/WARN]: **** SERVER IS RUNNING IN OFFLINE/INSECURE MODE!
[22:23:56] [Server thread/WARN]: The server will make no attempt to authenticate usernames. Beware.
[22:23:56] [Server thread/WARN]: While this makes the game possible to play without internet access, it also opens up the ability for hackers to connect with any username they choose.
[22:23:56] [Server thread/WARN]: To change this, set "online-mode" to "true" in the server.properties file.
[22:23:56] [Server thread/INFO]: Preparing level "world"
[22:23:56] [Server thread/INFO]: Preparing start region for level 0
[22:23:58] [Server thread/INFO]: Preparing spawn area: 0%
