[21:04:52] [Server thread/INFO]: Starting minecraft server version 1.11.2
[21:04:52] [Server thread/INFO]: Loading properties
[21:04:52] [Server thread/INFO]: Default game type: SURVIVAL
[21:04:52] [Server thread/INFO]: Generating keypair
[21:04:52] [Server thread/INFO]: Starting Minecraft server on 192.168.0.5:25565
[21:04:52] [Server thread/INFO]: Using default channel type
[21:04:56] [Server thread/WARN]: **** SERVER IS RUNNING IN OFFLINE/INSECURE MODE!
[21:04:56] [Server thread/WARN]: The server will make no attempt to authenticate usernames. Beware.
[21:04:56] [Server thread/WARN]: While this makes the game possible to play without internet access, it also opens up the ability for hackers to connect with any username they choose.
[21:04:56] [Server thread/WARN]: To change this, set "online-mode" to "true" in the server.properties file.
[21:04:56] [Server thread/INFO]: Preparing level "world"
[21:04:57] [Server thread/INFO]: Preparing start region for level 0
[21:05:00] [Server thread/INFO]: Preparing spawn area: 0%
[21:05:01] [Server thread/INFO]: Preparing spawn area: 6%
[21:05:02] [Server thread/INFO]: Preparing spawn area: 26%
[21:05:03] [Server thread/INFO]: Preparing spawn area: 51%
[21:05:04] [Server thread/INFO]: Preparing spawn area: 72%
[21:05:05] [Server thread/INFO]: Preparing spawn area: 76%
[21:05:06] [Server thread/INFO]: Preparing spawn area: 92%
[21:05:06] [Server thread/INFO]: Done (9,721s)! For help, type "help" or "?"
[21:05:06] [Server thread/INFO]: Unknown command. Try /help for a list of commands
[21:05:47] [Server thread/INFO]: PequenoInfrator[/177.191.195.213:57479] logged in with entity id 297 at (-81.3280257947671, 11.0, 240.69999998807907)
[21:05:47] [Server thread/INFO]: PequenoInfrator joined the game
[21:10:11] [Server thread/INFO]: Dipper[/177.191.195.213:51860] logged in with entity id 23921 at (-126.30000001192091, 8.0, 289.51394097858105)
[21:10:12] [Server thread/INFO]: Dipper joined the game
[21:10:34] [Server thread/INFO]: <PequenoInfrator> vou so fazer uma coisa aqui
[21:11:33] [Server thread/INFO]: Dipper tried to swim in lava
[21:12:33] [Server thread/INFO]: Dipper was shot by PequenoInfrator
[21:13:48] [Server thread/INFO]: Dipper was shot by PequenoInfrator
[21:13:53] [Server thread/INFO]: Dipper was shot by PequenoInfrator
[21:13:58] [Server thread/INFO]: Dipper was shot by PequenoInfrator
[21:14:14] [Server thread/INFO]: Dipper was shot by PequenoInfrator
[21:14:29] [Server thread/INFO]: <Dipper> me da uns diamantes?
[21:14:31] [Server thread/INFO]: Dipper was shot by PequenoInfrator
[21:14:36] [Server thread/INFO]: Dipper was shot by PequenoInfrator
[21:14:43] [Server thread/INFO]: <Dipper> preciso de armadura
[21:14:44] [Server thread/INFO]: Dipper was shot by PequenoInfrator
[21:14:48] [Server thread/INFO]: <PequenoInfrator> quantos
[21:14:57] [Server thread/INFO]: <Dipper> vou ver
[21:14:59] [Server thread/INFO]: Dipper was slain by PequenoInfrator
[21:15:14] [Server thread/INFO]: <Dipper> 20
[21:15:15] [Server thread/INFO]: <PequenoInfrator> cade vc
[21:15:27] [Server thread/INFO]: Dipper has just earned the achievement [DIAMONDS!]
[21:15:38] [Server thread/INFO]: <Dipper> só??
[21:16:07] [Server thread/INFO]: <Dipper> +
[21:16:23] [Server thread/INFO]: <PequenoInfrator> t
[21:16:25] [Server thread/INFO]: Dipper was shot by PequenoInfrator
[21:16:29] [Server thread/INFO]: <PequenoInfrator> vai minerar
[21:16:40] [Server thread/INFO]: <PequenoInfrator> tem fortuna 3 no bau da mob farm
[21:16:55] [Server thread/INFO]: <Dipper> valei
[21:18:43] [Server thread/INFO]: <PequenoInfrator> os bicho
[21:19:00] [Server thread/INFO]: <PequenoInfrator> n mata
[21:19:01] [Server thread/INFO]: Dipper burned to death
[21:19:02] [Server thread/INFO]: PequenoInfrator was slain by Endermite
[21:19:06] [Server thread/INFO]: <Dipper> pq
[21:19:52] [Server thread/INFO]: <PequenoInfrator> segura ele ai
[21:20:44] [Server thread/INFO]: <Dipper> ele sumiu
[21:20:52] [Server thread/INFO]: PequenoInfrator fell from a high place
[21:21:27] [Server thread/INFO]: <PequenoInfrator> tchau
[21:21:28] [Server thread/INFO]: PequenoInfrator lost connection: TextComponent{text='Disconnected', siblings=[], style=Style{hasParent=false, color=null, bold=null, italic=null, underlined=null, obfuscated=null, clickEvent=null, hoverEvent=null, insertion=null}}
[21:21:28] [Server thread/INFO]: PequenoInfrator left the game
[21:31:39] [Server thread/INFO]: Dipper lost connection: TextComponent{text='Disconnected', siblings=[], style=Style{hasParent=false, color=null, bold=null, italic=null, underlined=null, obfuscated=null, clickEvent=null, hoverEvent=null, insertion=null}}
[21:31:39] [Server thread/INFO]: Dipper left the game
[21:32:12] [Server thread/INFO]: Dipper[/177.191.195.213:53330] logged in with entity id 211449 at (-75.26096451717397, 60.0, 198.0037460751448)
[21:32:12] [Server thread/INFO]: Dipper joined the game
[21:39:04] [Server thread/INFO]: Dipper was shot by Skeleton
[21:54:41] [Server thread/INFO]: Dipper tried to swim in lava
[21:55:56] [Server thread/INFO]: Dipper fell from a high place
[21:59:21] [Server thread/INFO]: Dipper tried to swim in lava
[22:13:32] [Server thread/INFO]: Dipper burned to death
[22:18:24] [Server thread/INFO]: Dipper drowned
[22:26:45] [Server thread/INFO]: Dipper was blown up by Creeper
[22:26:48] [Server thread/INFO]: [Server] ta jogando ainda
[22:26:53] [Server thread/INFO]: [Server] ?
[22:26:54] [Server thread/INFO]: <Dipper> to
[22:27:15] [Server thread/INFO]: [Server] ta doido
[22:27:53] [Server thread/INFO]: Dipper fell from a high place
[22:33:20] [Server thread/INFO]: Dipper tried to swim in lava
[22:33:24] [Server thread/INFO]: Dipper fell from a high place
[22:46:30] [Server thread/INFO]: Dipper drowned
[22:54:48] [Server thread/INFO]: Dipper lost connection: TextComponent{text='Disconnected', siblings=[], style=Style{hasParent=false, color=null, bold=null, italic=null, underlined=null, obfuscated=null, clickEvent=null, hoverEvent=null, insertion=null}}
[22:54:48] [Server thread/INFO]: Dipper left the game
[22:56:54] [Server thread/INFO]: Stopping the server
[22:56:54] [Server thread/INFO]: Stopping server
[22:56:54] [Server thread/INFO]: Saving players
[22:56:54] [Server thread/INFO]: Saving worlds
[22:56:54] [Server thread/INFO]: Saving chunks for level 'world'/Overworld
[22:56:54] [Server thread/INFO]: Saving chunks for level 'world'/Nether
[22:56:54] [Server thread/INFO]: Saving chunks for level 'world'/The End
[22:56:54] [Server Shutdown Thread/INFO]: Stopping server
[22:56:54] [Server Shutdown Thread/INFO]: Saving players
[22:56:54] [Server Shutdown Thread/INFO]: Saving worlds
[22:56:54] [Server Shutdown Thread/INFO]: Saving chunks for level 'world'/Overworld
